C51 COMPILER V9.01   ATIME_MAIN                                                            06/05/2016 16:05:53 PAGE 1   


C51 COMPILER V9.01, COMPILATION OF MODULE ATIME_MAIN
OBJECT MODULE PLACED IN atime_main.OBJ
COMPILER INVOKED BY: C:\Program Files (x86)\keil\C51\BIN\C51.EXE atime_main.c BROWSE INCDIR(..\库目录) DEBUG OBJECTEXTEN
                    -D

line level    source

   1          #include "STC89C5xRC.H"          //可以替换REG52.H，建议使用这个头文件 
   2          #include "atime_timer.h"         //中断配套函数库，如果需要调用中断相关子函数，需要载入
   3          #include "atime_lcd1602.h"       //需要载入其他文件自行载入     
   4          
   5          
   6          void Timer0Init(void)           //5毫秒@11.0592MHz
   7          {
   8   1              AUXR |= 0x80;           //定时器时钟1T模式
   9   1              TMOD &= 0xF0;           //设置定时器模式
  10   1              TMOD |= 0x01;           //设置定时器模式
  11   1              TL0 = 0x00;             //设置定时初值
  12   1              TH0 = 0x00;             //设置定时初值
  13   1              TF0 = 0;                //清除TF0标志
  14   1              TR0 = 1;                //定时器0开始计时
  15   1      }
  16          
  17          void Timer1Init(void)           //5毫秒@11.0592MHz
  18          {
  19   1              AUXR |= 0x40;           //定时器时钟1T模式
  20   1              TMOD &= 0x0F;           //设置定时器模式
  21   1              TMOD |= 0x10;           //设置定时器模式
  22   1              TL1 = 0x00;             //设置定时初值
  23   1              TH1 = 0x00;             //设置定时初值
  24   1              TF1 = 0;                //清除TF1标志
  25   1              TR1 = 1;                //定时器1开始计时
  26   1      }
  27          
  28          void trans_to_lcd(unsigned int n,unsigned char lcd_temp[])
  29          {
  30   1              lcd_temp[0] = n/10000       +0x30;
  31   1              lcd_temp[1] = n%10000/1000 +0x30;
  32   1              lcd_temp[2] = n%1000/100 +0x30;
  33   1              lcd_temp[3] = n%100/10 +0x30;
  34   1              lcd_temp[4] = n%10   +0x30;
  35   1              lcd_temp[5] = '\0';     
  36   1      }
  37          
  38          #include "atime_interrupt.c" 
  39          
  40          void main()
  41          {
  42   1              unsigned char lcd_temp[6];
  43   1      
  44   1              int_lcd1602(rightmove, cursornotdisplay);
  45   1              int_interrupt(0,negative_jump);
  46   1              int_interrupt(1,low_ele);
  47   1              print1602("FREQ:",0,1);
  48   1              print1602("PWM :",1,1); 
  49   1              Timer0Init();
  50   1              Timer1Init();
  51   1      
  52   1              while(1)
  53   1              {
  54   2                      EA =0;
C51 COMPILER V9.01   ATIME_MAIN                                                            06/05/2016 16:05:53 PAGE 2   

  55   2                      trans_to_lcd(cycle,lcd_temp);
  56   2                      print1602(lcd_temp,0,7);
  57   2                      trans_to_lcd(pwm,lcd_temp);
  58   2                      print1602(lcd_temp,1,7);
  59   2                      EA =1;
  60   2                      waitms(500);    
  61   2              }
  62   1      }


MODULE INFORMATION:   STATIC OVERLAYABLE
   CODE SIZE        =   1720    ----
   CONSTANT SIZE    =     12    ----
   XDATA SIZE       =   ----    ----
   PDATA SIZE       =   ----    ----
   DATA SIZE        =      8      43
   IDATA SIZE       =   ----    ----
   BIT SIZE         =   ----    ----
END OF MODULE INFORMATION.


C51 COMPILATION COMPLETE.  0 WARNING(S),  0 ERROR(S)
