C51 COMPILER V9.01   ATIME_MAIN                                                            06/04/2016 16:13:52 PAGE 1   


C51 COMPILER V9.01, COMPILATION OF MODULE ATIME_MAIN
OBJECT MODULE PLACED IN atime_main.OBJ
COMPILER INVOKED BY: C:\Program Files (x86)\keil\C51\BIN\C51.EXE atime_main.c BROWSE INCDIR(..\库目录) DEBUG OBJECTEXTEN
                    -D

line level    source

   1          #include "STC89C5xRC.H"          //可以替换REG52.H，建议使用这个头文件
   2          #include "atime_serial.h" 
   3          #include "atime_lcd1602.h"       //需要载入其他文件自行载入     
   4          #include "atime_interrupt.c" //中断函数集合，存放中断函数，不需要可以不载入      
   5          
   6          void main()
   7          {
   8   1              unsigned char a[14];
   9   1              unsigned char b[18];
  10   1              unsigned int ii;
  11   1      
  12   1              int_lcd1602(rightmove, cursornotdisplay);
  13   1              serial_int(enable, baud9600, disable);
  14   1      
  15   1              while(1)
  16   1              {
  17   2                      if(temp[0]=='T')
  18   2                      {
  19   3                              a[0] =temp[0];  
  20   3                              a[1] =temp[1];
  21   3                              a[2] =temp[2];
  22   3                              a[3] =temp[3];
  23   3                              a[4] =temp[4];
  24   3                              a[5] =temp[5];
  25   3                              a[6] =temp[6];
  26   3                              a[7] =temp[7];
  27   3                              a[8] =temp[8];
  28   3                              a[9] =temp[9];
  29   3                              a[10] =temp[10];
  30   3                              a[11] =temp[11];
  31   3                              a[12] ='\0';
  32   3                              a[13] ='\0';
  33   3                              for(ii=0;ii<16;ii++)
  34   3                              {
  35   4                                      if(a[ii]=='c')
  36   4                                              a[ii+1]='\0';
  37   4                              }
  38   3                      }
  39   2                      if(temp[0]=='S')
  40   2                      {
  41   3                              b[0] =temp[0];  
  42   3                              b[1] =temp[1];
  43   3                              b[2] =temp[2];
  44   3                              b[3] =temp[3];
  45   3                              b[4] =temp[4];
  46   3                              b[5] =temp[5];
  47   3                              b[6] =temp[6];
  48   3                              b[7] =temp[7];
  49   3                              b[8] =temp[8];
  50   3                              b[9] =temp[9];
  51   3                              b[10] =temp[10];
  52   3                              b[11] =temp[11];
  53   3                              b[12] =temp[12];
  54   3                              b[13] =temp[13];        
C51 COMPILER V9.01   ATIME_MAIN                                                            06/04/2016 16:13:52 PAGE 2   

  55   3                              b[14] =temp[14];
  56   3                              b[15] ='\0';
  57   3                              b[16] ='\0';
  58   3                              b[17] ='\0';
  59   3                              for(ii=0;ii<=16;ii++)
  60   3                              {
  61   4                                      if(b[ii]=='m')
  62   4                                      {       
  63   5                                              b[ii+1]=' ';
  64   5                                              b[ii+2]=' ';
  65   5                                              b[ii+3]=' ';
  66   5                                      }
  67   4      
  68   4                              }
  69   3      
  70   3                      }
  71   2                      print1602(a,0,1);
  72   2                      print1602(b,1,1);
  73   2              }
  74   1      }


MODULE INFORMATION:   STATIC OVERLAYABLE
   CODE SIZE        =   1143    ----
   CONSTANT SIZE    =   ----    ----
   XDATA SIZE       =   ----    ----
   PDATA SIZE       =   ----    ----
   DATA SIZE        =     17      62
   IDATA SIZE       =   ----    ----
   BIT SIZE         =   ----    ----
END OF MODULE INFORMATION.


C51 COMPILATION COMPLETE.  0 WARNING(S),  0 ERROR(S)
