C51 COMPILER V9.01   ATIME_MAIN                                                            01/13/2017 19:40:24 PAGE 1   


C51 COMPILER V9.01, COMPILATION OF MODULE ATIME_MAIN
OBJECT MODULE PLACED IN atime_main.OBJ
COMPILER INVOKED BY: C:\Program Files\keil\C51\BIN\C51.EXE atime_main.c BROWSE INCDIR(..\库目录) DEBUG OBJECTEXTEND

line level    source

   1          #include "STC15F2K60S2.H"                //可以替换REG52.H，建议使用这个头文件
   2          #include "atime_iic.h"
   3          #include "atime_debug.h"
   4          #include "atime_app.c"
   5          
   6          
   7          void main()
   8          {
   9   1              unsigned int i;
  10   1              debug_init();
  11   1      
  12   1              while(1)
  13   1              {
  14   2                      printf("%d \n",(unsigned int)debug_rand());
  15   2                      for(i=0;i<50000;i++)
  16   2                              wait_iicbus();
  17   2      
  18   2              }
  19   1      }


MODULE INFORMATION:   STATIC OVERLAYABLE
   CODE SIZE        =    641    ----
   CONSTANT SIZE    =      5    ----
   XDATA SIZE       =   ----    ----
   PDATA SIZE       =   ----    ----
   DATA SIZE        =      1      10
   IDATA SIZE       =   ----    ----
   BIT SIZE         =   ----       2
END OF MODULE INFORMATION.


C51 COMPILATION COMPLETE.  0 WARNING(S),  0 ERROR(S)
