C51 COMPILER V7.10   TEMP                                                                  02/20/2011 19:10:29 PAGE 1   


C51 COMPILER V7.10, COMPILATION OF MODULE TEMP
OBJECT MODULE PLACED IN Temp.OBJ
COMPILER INVOKED BY: C:\Keil\C51\BIN\C51.EXE Temp.c BROWSE DEBUG OBJECTEXTEND

line level    source

   1           
   2           /*************************此部分为18B20的驱动程序*************************************/
   3          
   4          #include <reg52.H>
   5          #include <intrins.h>
   6          
   7          sbit    D18B20=P3^7;
   8          #define  NOP()   _nop_()   /* 定义空指令 */
   9          #define  _Nop()  _nop_()   /*定义空指令*/
  10          
  11          void TempDelay (unsigned char idata us);
  12          void Init18b20 (void);
  13          void WriteByte (unsigned char idata wr);  //单字节写入
  14          void read_bytes (unsigned char idata j);
  15          unsigned char CRC (unsigned char j);
  16          void GemTemp (void);
  17          void Config18b20 (void);
  18          void ReadID (void);
  19          void TemperatuerResult(void);
  20          
  21          
  22          bit  flag;
  23          unsigned int  idata Temperature;
  24          unsigned char idata temp_buff[9]; //存储读取的字节，read scratchpad为9字节，read rom ID为8字节
  25          unsigned char idata id_buff[8];
  26          unsigned char idata *p;
  27          extern unsigned int xdata TIM;
  28          unsigned char idata crc_data;
  29          
  30          
  31          unsigned char code CrcTable [256]={
  32          0,  94, 188,  226,  97,  63,  221,  131,  194,  156,  126,  32,  163,  253,  31,  65,
  33          157,  195,  33,  127,  252,  162,  64,  30,  95,  1,  227,  189,  62,  96,  130,  220,
  34          35,  125,  159,  193,  66,  28,  254,  160,  225,  191,  93,  3,  128,  222,  60,  98,
  35          190,  224,  2,  92,  223,  129,  99,  61,  124,  34,  192,  158,  29,  67,  161,  255,
  36          70,  24,  250,  164,  39,  121,  155,  197,  132,  218,  56,  102,  229,  187,  89,  7,
  37          219,  133, 103,  57,  186,  228,  6,  88,  25,  71,  165,  251,  120,  38,  196,  154,
  38          101,  59, 217,  135,  4,  90,  184,  230,  167,  249,  27,  69,  198,  152,  122,  36,
  39          248,  166, 68,  26,  153,  199,  37,  123,  58,  100,  134,  216,  91,  5,  231,  185,
  40          140,  210, 48,  110,  237,  179,  81,  15,  78,  16,  242,  172,  47,  113,  147,  205,
  41          17,  79,  173,  243,  112,  46,  204,  146,  211,  141,  111,  49,  178,  236,  14,  80,
  42          175,  241, 19,  77,  206,  144,  114,  44,  109,  51,  209,  143,  12,  82,  176,  238,
  43          50,  108,  142,  208,  83,  13,  239,  177,  240,  174,  76,  18,  145,  207,  45,  115,
  44          202,  148, 118,  40,  171,  245,  23,  73,  8,  86,  180,  234,  105,  55,  213, 139,
  45          87,  9,  235,  181,  54,  104,  138,  212,  149,  203,  41,  119,  244,  170,  72,  22,
  46          233,  183,  85,  11,  136,  214,  52,  106,  43,  117,  151,  201,  74,  20,  246,  168,
  47          116,  42,  200,  150,  21,  75,  169,  247,  182,  232,  10,  84,  215,  137,  107,  53}; 
  48          //
  49          /************************************************************
  50          *Function:延时处理
  51          *parameter:
  52          *Return:
  53          *Modify:
  54          *************************************************************/
  55          void TempDelay (unsigned char idata us)
C51 COMPILER V7.10   TEMP                                                                  02/20/2011 19:10:29 PAGE 2   

  56          {
  57   1              while(us--);
  58   1      }
  59          
  60          /************************************************************
  61          *Function:18B20初始化
  62          *parameter:
  63          *Return:
  64          *Modify:
  65          *************************************************************/
  66          void Init18b20 (void)
  67          {
  68   1              D18B20=1;
  69   1              _nop_();
  70   1              D18B20=0;
  71   1              TempDelay(80);   //delay 530 uS//80
  72   1              _nop_();
  73   1              D18B20=1;
  74   1              TempDelay(14);   //delay 100 uS//14
  75   1              _nop_();
  76   1              _nop_();
  77   1              _nop_();
  78   1              
  79   1              if(D18B20==0)
  80   1                      flag = 1;   //detect 1820 success!
  81   1              else
  82   1                      flag = 0;    //detect 1820 fail!
  83   1              TempDelay(20);       //20
  84   1              _nop_();
  85   1              _nop_();
  86   1              D18B20 = 1;
  87   1      }
  88          
  89          /************************************************************
  90          *Function:向18B20写入一个字节
  91          *parameter:
  92          *Return:
  93          *Modify:
  94          *************************************************************/
  95          void WriteByte (unsigned char idata wr)  //单字节写入
  96          {
  97   1              unsigned char idata i;
  98   1              for (i=0;i<8;i++)
  99   1              {
 100   2                      D18B20 = 0;
 101   2                      _nop_();
 102   2                      D18B20=wr&0x01;
 103   2                      TempDelay(3);   //delay 45 uS //5
 104   2                      _nop_();
 105   2                      _nop_();
 106   2                      D18B20=1;
 107   2                      wr >>= 1;
 108   2              }
 109   1      }
 110          
 111          /************************************************************
 112          *Function:读18B20的一个字节
 113          *parameter:
 114          *Return:
 115          *Modify:
 116          *************************************************************/
 117          unsigned char ReadByte (void)     //读取单字节
C51 COMPILER V7.10   TEMP                                                                  02/20/2011 19:10:29 PAGE 3   

 118          {
 119   1              unsigned char idata i,u=0;
 120   1              for(i=0;i<8;i++)
 121   1              {
 122   2                      D18B20 = 0;
 123   2                      u >>= 1;
 124   2                      D18B20 = 1;
 125   2                      if(D18B20==1)
 126   2                      u |= 0x80;
 127   2                      TempDelay (2);
 128   2                      _nop_();
 129   2              }
 130   1              return(u);
 131   1      }
 132          
 133          /************************************************************
 134          *Function:读18B20
 135          *parameter:
 136          *Return:
 137          *Modify:
 138          *************************************************************/
 139          void read_bytes (unsigned char idata j)
 140          {
 141   1               unsigned char idata i;
 142   1               for(i=0;i<j;i++)
 143   1               {
 144   2                        *p = ReadByte();
 145   2                        p++;
 146   2               }
 147   1      }
 148          
 149          /************************************************************
 150          *Function:CRC校验
 151          *parameter:
 152          *Return:
 153          *Modify:
 154          *************************************************************/
 155          unsigned char CRC (unsigned char j)
 156          {
 157   1              unsigned char idata i,crc_data=0;
 158   1              for(i=0;i<j;i++)  //查表校验
 159   1              crc_data = CrcTable[crc_data^temp_buff[i]];
 160   1          return (crc_data);
 161   1      }
 162          
 163          /************************************************************
 164          *Function:读取温度
 165          *parameter:
 166          *Return:
 167          *Modify:
 168          *************************************************************/
 169          void GemTemp (void)
 170          {
 171   1         read_bytes (9);
 172   1         if (CRC(9)==0) //校验正确
 173   1         {
 174   2                  Temperature = temp_buff[1]*0x100 + temp_buff[0];
 175   2      //          Temperature *= 0.625;
 176   2                      Temperature /= 16;
 177   2                      TempDelay(1);
 178   2          }
 179   1      }
C51 COMPILER V7.10   TEMP                                                                  02/20/2011 19:10:29 PAGE 4   

 180          
 181          /************************************************************
 182          *Function:内部配置
 183          *parameter:
 184          *Return:
 185          *Modify:
 186          *************************************************************/
 187          void Config18b20 (void)  //重新配置报警限定值和分辨率
 188          {
 189   1           Init18b20();
 190   1           WriteByte(0xcc);  //skip rom
 191   1           WriteByte(0x4e);  //write scratchpad
 192   1           WriteByte(0x19);  //上限
 193   1           WriteByte(0x1a);  //下限
 194   1           WriteByte(0x7f);     //set 12 bit (0.125)
 195   1           Init18b20();
 196   1           WriteByte(0xcc);  //skip rom
 197   1           WriteByte(0x48);  //保存设定值
 198   1           Init18b20();
 199   1           WriteByte(0xcc);  //skip rom
 200   1           WriteByte(0xb8);  //回调设定值
 201   1      }
 202          
 203          /************************************************************
 204          *Function:读18B20ID
 205          *parameter:
 206          *Return:
 207          *Modify:
 208          *************************************************************/
 209          void ReadID (void)//读取器件 id
 210          {
 211   1              Init18b20();
 212   1              WriteByte(0x33);  //read rom
 213   1              read_bytes(8);
 214   1      }
 215          
 216          /************************************************************
 217          *Function:18B20ID全处理
 218          *parameter:
 219          *Return:
 220          *Modify:
 221          *************************************************************/
 222          void TemperatuerResult(void)
 223          {
 224   1              p = id_buff;
 225   1              ReadID();
 226   1              Config18b20();
 227   1              Init18b20 ();
 228   1              WriteByte(0xcc);   //skip rom
 229   1              WriteByte(0x44);   //Temperature convert
 230   1      
 231   1              Init18b20 ();
 232   1              WriteByte(0xcc);   //skip rom
 233   1              WriteByte(0xbe);   //read Temperature
 234   1              p = temp_buff;
 235   1              GemTemp();
 236   1      }
 237          
 238          
 239          void GetTemp()
 240          {       
 241   1           if(TIM >=500) //每隔 500ms 读取温度
C51 COMPILER V7.10   TEMP                                                                  02/20/2011 19:10:29 PAGE 5   

 242   1              {  TIM=0;
 243   2                 TemperatuerResult();
 244   2              }
 245   1      
 246   1      }
 247          


MODULE INFORMATION:   STATIC OVERLAYABLE
   CODE SIZE        =    353    ----
   CONSTANT SIZE    =    256    ----
   XDATA SIZE       =   ----    ----
   PDATA SIZE       =   ----    ----
   DATA SIZE        =      1    ----
   IDATA SIZE       =     20       6
   BIT SIZE         =      1    ----
END OF MODULE INFORMATION.


C51 COMPILATION COMPLETE.  0 WARNING(S),  0 ERROR(S)
