C51 COMPILER V9.01   ATIME_MAIN                                                            06/04/2016 13:56:30 PAGE 1   


C51 COMPILER V9.01, COMPILATION OF MODULE ATIME_MAIN
OBJECT MODULE PLACED IN atime_main.OBJ
COMPILER INVOKED BY: C:\Program Files (x86)\keil\C51\BIN\C51.EXE atime_main.c BROWSE INCDIR(..\库目录) DEBUG OBJECTEXTEN
                    -D

line level    source

   1          #include "STC89C5xRC.H"          //可以替换REG52.H，建议使用这个头文件
   2          #include "atime_lcd1602.h"       //需要载入其他文件自行载入     
   3          #include "atime_18b20.h"
   4          #include "atime_supersonic.h"
   5          #include "atime_serial.h"
   6          
   7          
   8          void main()
   9          {
  10   1              bit j;
  11   1              float temper;
  12   1              unsigned int i; 
  13   1              unsigned char lcd_temp[6];
  14   1      
  15   1              int_lcd1602(rightmove, cursornotdisplay);
  16   1              serial_int(enable, baud9600, disable);
  17   1              while(1)
  18   1              {
  19   2                      i =supersonic_test();
  20   2                      translate_code(i,a);
  21   2                      print1602(a,0,3);
  22   2                      
  23   2                      j =int_18b20();
  24   2                      if(j == 0)
  25   2                      {
  26   3                              temper =read_temper();
  27   3                              translate(temper,lcd_temp);
  28   3                              print1602(lcd_temp,1,3);
  29   3                              waitms(1000);
  30   3                      }
  31   2                      else
  32   2                      {
  33   3                              print1602("Please Cheak",1,2);
  34   3                              waitms(500);                    
  35   3                              set1602(clear1602);
  36   3                      }
  37   2              }
  38   1      }


MODULE INFORMATION:   STATIC OVERLAYABLE
   CODE SIZE        =   2072    ----
   CONSTANT SIZE    =     13    ----
   XDATA SIZE       =   ----    ----
   PDATA SIZE       =   ----    ----
   DATA SIZE        =      2      62
   IDATA SIZE       =   ----    ----
   BIT SIZE         =   ----       2
END OF MODULE INFORMATION.


C51 COMPILATION COMPLETE.  0 WARNING(S),  0 ERROR(S)
