C51 COMPILER V9.01   ATIME_MAIN                                                            03/29/2018 22:01:56 PAGE 1   


C51 COMPILER V9.01, COMPILATION OF MODULE ATIME_MAIN
OBJECT MODULE PLACED IN atime_main.OBJ
COMPILER INVOKED BY: C:\Program Files\Keil\C51\BIN\C51.EXE atime_main.c OPTIMIZE(8,SPEED) BROWSE INCDIR(..\Ŀ¼) DEBUG
                    - OBJECTEXTEND TABS(2)

line level    source

   1          #include "STC12C5A60S2.H"    //滻REG52.Hʹͷļ
   2          #include "atime_pwmpca.h"
   3          #include "atime_iic.h"
   4          
   5          sbit led0 = P1^0;
   6          sbit led1 = P1^1;
   7          sbit led2 = P1^2;
   8          sbit led_gnd = P1^3;
   9          
  10          sbit wlw_high = P1^4;
  11          sbit wlw_k0 = P1^5;
  12          sbit wlw_k1 = P1^6;
  13          sbit wlw_k2 = P1^7;
  14          
  15          sbit body0 = P3^0;
  16          sbit body1 = P3^1;
  17          
  18          unsigned char body_set = 0;//״̬洢Ƿ忿ĵƹ0ǣ1Ϊ忿ĵ
             -ƹ
  19          
  20          void main()
  21          {
  22   1          P1 = 0XFF;
  23   1          P1M1 = 0x00;
  24   1          P1M0 = 0x17;//P1˿״̬
  25   1          P3 = 0xff;//P3˿״̬
  26   1          pwm_init( pwm_on, 0, 0x02);
  27   1          pwm_set(0, 100.0);
  28   1      
  29   1          while(1)
  30   1          {
  31   2              //ͨI2C߶ȡǰǿ
  32   2              //ȡģ鿪״̬
  33   2              //ȡӦģ״̬  
  34   2              //ݹǿ
  35   2              if( body_set==1 )//Ϊ忿ĵƹ
  36   2              {
  37   3                  //Ӧģ仯ʱҪõƹ״̬
  38   3                  //ģ鷢ָʱҪõƹ״̬
  39   3              }
  40   2              else
  41   2              {
  42   3                  //ģ鷢ָʱҪõƹ״̬
  43   3              }         
  44   2          }
  45   1      }


MODULE INFORMATION:   STATIC OVERLAYABLE
   CODE SIZE        =    944    ----
   CONSTANT SIZE    =   ----    ----
   XDATA SIZE       =   ----    ----
   PDATA SIZE       =   ----    ----
   DATA SIZE        =      1      15
C51 COMPILER V9.01   ATIME_MAIN                                                            03/29/2018 22:01:56 PAGE 2   

   IDATA SIZE       =   ----    ----
   BIT SIZE         =   ----       2
END OF MODULE INFORMATION.


C51 COMPILATION COMPLETE.  0 WARNING(S),  0 ERROR(S)
