C51 COMPILER V9.01   ATIME_MAIN                                                            05/09/2016 20:28:08 PAGE 1   


C51 COMPILER V9.01, COMPILATION OF MODULE ATIME_MAIN
OBJECT MODULE PLACED IN atime_main.OBJ
COMPILER INVOKED BY: C:\Program Files (x86)\keil\C51\BIN\C51.EXE atime_main.c BROWSE INCDIR(..\库目录) DEBUG OBJECTEXTEN
                    -D

line level    source

   1          #include "STC12C5A60S2.H"                //可以替换REG52.H，建议使用这个头文件
   2          #include "atime_lcd1602.h"               //需要载入其他文件自行载入     
   3          #include "atime_18b20.h"
   4          
   5          void main()
   6          {
   7   1              unsigned char a[8];
   8   1              float i;
   9   1              bit j;
  10   1              int_lcd1602(rightmove, cursornotdisplay);
  11   1              while(1)
  12   1              {
  13   2                      j =int_18b20();
  14   2                      if(j ==0)
  15   2                      {
  16   3                              i =read_temper();
  17   3                              translate(i,a);
  18   3                              set1602(clear1602);
  19   3                              print1602(a,1,3);
  20   3                              waitms(1000);
  21   3                      }
  22   2                      else
  23   2                      {
  24   3                              print1602("Please Cheak",1,2);
  25   3                      }
  26   2              }
  27   1      }


MODULE INFORMATION:   STATIC OVERLAYABLE
   CODE SIZE        =   1521    ----
   CONSTANT SIZE    =     13    ----
   XDATA SIZE       =   ----    ----
   PDATA SIZE       =   ----    ----
   DATA SIZE        =   ----      52
   IDATA SIZE       =   ----    ----
   BIT SIZE         =   ----       2
END OF MODULE INFORMATION.


C51 COMPILATION COMPLETE.  0 WARNING(S),  0 ERROR(S)
